<?xml version="1.0" encoding="utf-8"?><testsuites name="pytest tests"><testsuite name="pytest" errors="0" failures="1" skipped="2" tests="1238" time="134.084" timestamp="2026-09-25T21:43:50.146732+08:00" hostname="李星泰"><testcase classname="tests.test_agent.TestAgentContext" name="test_build_contains_briefs" time="0.136" /><testcase classname="tests.test_agent.TestAgentContext" name="test_context_size_controlled" time="0.066" /><testcase classname="tests.test_agent.TestAgentContext" name="test_no_full_dataset_in_context" time="0.063" /><testcase classname="tests.test_agent.TestExecutor" name="test_execute_ok_and_recorded" time="0.069" /><testcase classname="tests.test_agent.TestExecutor" name="test_confirmation_required_recorded" time="0.065" /><testcase classname="tests.test_agent.TestExecutor" name="test_unknown_tool_recorded_failed" time="0.069" /><testcase classname="tests.test_agent.TestValidator" name="test_valid_result" time="0.001" /><testcase classname="tests.test_agent.TestValidator" name="test_failed_result_invalid" time="0.001" /><testcase classname="tests.test_agent.TestValidator" name="test_nan_rejected" time="0.001" /><testcase classname="tests.test_agent.TestValidator" name="test_expected_output_mismatch" time="0.001" /><testcase classname="tests.test_agent.TestValidator" name="test_expected_output_chinese_prose_not_fatal" time="0.001" /><testcase classname="tests.test_agent.TestValidator" name="test_validation_result_helpers" time="0.001" /><testcase classname="tests.test_agent.TestRuntime" name="test_full_run_completed" time="1.358" /><testcase classname="tests.test_agent.TestRuntime" name="test_waiting_confirmation_and_resume" time="2.077" /><testcase classname="tests.test_agent.TestRuntime" name="test_empty_request_rejected" time="0.952" /><testcase classname="tests.test_agent.TestAgentAPI" name="test_session_lifecycle" time="0.454" /><testcase classname="tests.test_agent.TestAgentAPI" name="test_message_run_and_run_detail" time="0.972" /><testcase classname="tests.test_agent.TestAgentAPI" name="test_message_stream_sse" time="1.008" /><testcase classname="tests.test_agent.TestAgentAPI" name="test_confirmation_flow_via_api" time="1.813" /><testcase classname="tests.test_agent.TestAgentAPI" name="test_get_run_not_found" time="0.051" /><testcase classname="tests.test_agent_clarification_sse" name="test_clarification_is_terminal_for_sse" time="0.001" /><testcase classname="tests.test_agent_clarification_sse" name="test_modeling_request_asks_clarification_and_resumes" time="1.683" /><testcase classname="tests.test_agent_clarification_sse" name="test_sse_closes_promptly_on_clarification" time="1.143" /><testcase classname="tests.test_agent_decision_trace_export" name="test_decision_trace_roundtrip_includes_new_fields" time="0.001" /><testcase classname="tests.test_agent_decision_trace_export" name="test_router_sample_prefers_executed_tool" time="0.004" /><testcase classname="tests.test_agent_decision_trace_export" name="test_router_sample_skips_empty_request" time="0.003" /><testcase classname="tests.test_agent_decision_trace_export" name="test_tool_selection_sample_skips_without_tool" time="0.003" /><testcase classname="tests.test_agent_decision_trace_export" name="test_task_understanding_sample_skips_empty_spec" time="0.003" /><testcase classname="tests.test_agent_decision_trace_export" name="test_decision_pairs_only_export_prev_with_signals" time="0.003" /><testcase classname="tests.test_agent_e2e.TestPermissionConfirmation" name="test_waiting_confirmation_then_resume" time="1.536" /><testcase classname="tests.test_agent_e2e.TestPermissionConfirmation" name="test_each_high_risk_step_requires_its_own_confirmation" time="1.925" /><testcase classname="tests.test_agent_e2e.TestPermissionConfirmation" name="test_low_risk_steps_are_not_blocked_after_confirmation" time="1.544" /><testcase classname="tests.test_agent_e2e.TestPermissionConfirmation" name="test_confirmation_cannot_be_bypassed_by_direct_tool_call" time="0.001" /><testcase classname="tests.test_agent_e2e.TestPermissionConfirmation" name="test_deny_terminates_run" time="1.351" /><testcase classname="tests.test_agent_e2e.TestClarification" name="test_clarify_then_answer_resumes_current_step" time="1.568" /><testcase classname="tests.test_agent_e2e.TestClarification" name="test_duplicate_answer_rejected" time="1.354" /><testcase classname="tests.test_agent_e2e.TestClarification" name="test_empty_answer_rejected" time="1.353" /><testcase classname="tests.test_agent_e2e.TestClarification" name="test_answer_unknown_run" time="0.784" /><testcase classname="tests.test_agent_e2e.TestClarification" name="test_cancel_while_waiting_clarification" time="1.365" /><testcase classname="tests.test_agent_e2e.TestClarification" name="test_deny_while_waiting_confirmation_keeps_message" time="1.561" /><testcase classname="tests.test_agent_llm_fallback" name="test_greeting_is_answered_locally_without_remote" time="1.387" /><testcase classname="tests.test_agent_llm_fallback" name="test_chat_falls_back_to_notice_when_local_cannot_answer" time="1.534" /><testcase classname="tests.test_agent_llm_fallback" name="test_chat_fails_when_fallback_is_disabled" time="1.435" /><testcase classname="tests.test_agent_llm_fallback" name="test_program_bug_is_not_masked_as_fallback" time="1.765" /><testcase classname="tests.test_agent_llm_fallback" name="test_data_task_falls_back_to_rule_planner_and_executes" time="1.620" /><testcase classname="tests.test_agent_llm_fallback" name="test_quota_429_is_not_retried" time="0.001" /><testcase classname="tests.test_agent_llm_fallback" name="test_quota_signatures_are_all_recognized[429-{&quot;error&quot;:{&quot;code&quot;:&quot;billing_hard_limit_reached&quot;}}]" time="0.001" /><testcase classname="tests.test_agent_llm_fallback" name="test_quota_signatures_are_all_recognized[429-{&quot;error&quot;:{&quot;type&quot;:&quot;insufficient_quota&quot;}}]" time="0.001" /><testcase classname="tests.test_agent_llm_fallback" name="test_quota_signatures_are_all_recognized[402-{&quot;error&quot;:{&quot;message&quot;:&quot;Insufficient Balance&quot;}}]" time="0.001" /><testcase classname="tests.test_agent_llm_fallback" name="test_quota_signatures_are_all_recognized[429-{&quot;error&quot;:{&quot;message&quot;:&quot;\u60a8\u7684\u8d26\u6237\u4f59\u989d\u4e0d\u8db3&quot;}}]" time="0.001" /><testcase classname="tests.test_agent_llm_fallback" name="test_transient_429_retries_then_succeeds" time="0.001" /><testcase classname="tests.test_agent_llm_fallback" name="test_retry_after_is_preferred_over_backoff" time="0.001" /><testcase classname="tests.test_agent_llm_fallback" name="test_unretryable_4xx_is_not_retried" time="0.001" /><testcase classname="tests.test_agent_llm_fallback" name="test_answer_source_never_lies[\u8fdc\u7a0b\u6b63\u5e38-\u8bb2\u4e2a\u7b11\u8bdd-&lt;lambda&gt;-remote_llm_chat-True]" time="1.610" /><testcase classname="tests.test_agent_llm_fallback" name="test_answer_source_never_lies[\u8fdc\u7a0b\u5931\u8d25+\u672c\u5730\u7b54\u4e0d\u4e0a-\u8bb2\u4e2a\u7b11\u8bdd-&lt;lambda&gt;-no_answer-False]" time="1.390" /><testcase classname="tests.test_agent_llm_fallback" name="test_answer_source_never_lies[\u8fdc\u7a0b\u672a\u542f\u7528+\u672c\u5730\u7b54\u4e0d\u4e0a-\u8bb2\u4e2a\u7b11\u8bdd-&lt;lambda&gt;-platform_rules_notice-False]" time="1.706" /><testcase classname="tests.test_agent_llm_fallback" name="test_answer_source_never_lies[\u95ee\u5019\u8d70\u672c\u5730\u96f6\u8fdc\u7a0b-\u4f60\u597d-&lt;lambda&gt;-platform_rules_chat-False]" time="1.386" /><testcase classname="tests.test_agent_llm_fallback" name="test_no_answer_case_still_answers_the_user" time="0.001" /><testcase classname="tests.test_agent_llm_fallback" name="test_fallback_flag_default_is_on" time="0.003" /><testcase classname="tests.test_agent_local_reasoning" name="test_unavailable_provider_is_never_silently_available" time="0.001" /><testcase classname="tests.test_agent_local_reasoning" name="test_unavailable_provider_chat_raises_fallbackable" time="0.001" /><testcase classname="tests.test_agent_local_reasoning" name="test_unavailable_chat_does_not_count_as_a_call" time="0.001" /><testcase classname="tests.test_agent_local_reasoning" name="test_capabilities_declare_only_chat_and_reasoning" time="0.001" /><testcase classname="tests.test_agent_local_reasoning" name="test_fake_provider_is_available_and_replays" time="0.001" /><testcase classname="tests.test_agent_local_reasoning" name="test_fake_provider_records_usage" time="0.001" /><testcase classname="tests.test_agent_local_reasoning" name="test_fake_provider_fallback_content_when_queue_empty" time="0.001" /><testcase classname="tests.test_agent_loop.TestLayering" name="test_cancel_short_circuits" time="0.001" /><testcase classname="tests.test_agent_loop.TestLayering" name="test_greeting_no_tool_no_remote" time="0.001" /><testcase classname="tests.test_agent_loop.TestLayering" name="test_deterministic_playbook_skips_router_and_remote" time="0.002" /><testcase classname="tests.test_agent_loop.TestLocalRouter" name="test_router_high_confidence_direct" time="0.001" /><testcase classname="tests.test_agent_loop.TestRemoteEscalation" name="test_escalation_queues_actions_and_does_not_execute" time="0.004" /><testcase classname="tests.test_agent_loop.TestRemoteEscalation" name="test_escalation_single_remote_per_segment" time="0.003" /><testcase classname="tests.test_agent_loop.TestRemoteEscalation" name="test_remote_chat_action" time="0.002" /><testcase classname="tests.test_agent_loop.TestRemoteEscalation" name="test_remote_unavailable_falls_back_local" time="0.002" /><testcase classname="tests.test_agent_loop.TestNoRemoteForSimple" name="test_simple_task_zero_remote" time="0.003" /><testcase classname="tests.test_agent_loop.TestFailure" name="test_transient_retry_then_continue" time="0.004" /><testcase classname="tests.test_agent_loop.TestFailure" name="test_parameter_error_no_retry" time="0.003" /><testcase classname="tests.test_agent_loop.TestFailure" name="test_circuit_breaker_raises_on_replan_budget" time="0.001" /><testcase classname="tests.test_agent_loop.TestFollowUpGroundedAnswer" name="test_state_question_reads_state_zero_tool" time="0.001" /><testcase classname="tests.test_agent_loop.TestFollowUpGroundedAnswer" name="test_task_like_follow_up_still_executes" time="0.003" /><testcase classname="tests.test_agent_loop.TestUncertainty" name="test_failure_raises_uncertainty" time="0.001" /><testcase classname="tests.test_agent_loop.TestUncertainty" name="test_success_lowers_uncertainty" time="0.001" /><testcase classname="tests.test_agent_loop.TestInvariants" name="test_loop_does_not_import_legacy_modules" time="0.001" /><testcase classname="tests.test_agent_loop.TestInvariants" name="test_remote_decision_schema_bounds_next_steps" time="0.001" /><testcase classname="tests.test_agent_playbooks.TestSplitFirstClause" name="test_split_on_marker" time="0.001" /><testcase classname="tests.test_agent_playbooks.TestSplitFirstClause" name="test_no_marker_returns_original" time="0.001" /><testcase classname="tests.test_agent_playbooks.TestSplitFirstClause" name="test_leading_xian_stripped" time="0.001" /><testcase classname="tests.test_agent_playbooks.TestSplitFirstClause" name="test_empty" time="0.001" /><testcase classname="tests.test_agent_playbooks.TestCancel" name="test_cancel_commands" time="0.001" /><testcase classname="tests.test_agent_playbooks.TestCancel" name="test_non_cancel" time="0.001" /><testcase classname="tests.test_agent_playbooks.TestMissingSlots" name="test_no_dataset" time="0.001" /><testcase classname="tests.test_agent_playbooks.TestMissingSlots" name="test_has_dataset" time="0.001" /><testcase classname="tests.test_agent_playbooks.TestMissingSlots" name="test_empty_tool" time="0.001" /><testcase classname="tests.test_agent_playbooks.TestActionForSignal" name="test_high_missing_maps_to_clean" time="0.001" /><testcase classname="tests.test_agent_playbooks.TestActionForSignal" name="test_outlier_maps_to_eda" time="0.001" /><testcase classname="tests.test_agent_playbooks.TestActionForSignal" name="test_done_tool_skipped" time="0.001" /><testcase classname="tests.test_agent_playbooks.TestActionForSignal" name="test_no_dataset_skipped" time="0.001" /><testcase classname="tests.test_agent_playbooks.TestActionForSignal" name="test_missing_strategy_override" time="0.001" /><testcase classname="tests.test_agent_playbooks.TestMissingFillStrategy" name="test_no_fill_intent" time="0.001" /><testcase classname="tests.test_agent_playbooks.TestMissingFillStrategy" name="test_median" time="0.001" /><testcase classname="tests.test_agent_playbooks.TestMissingFillStrategy" name="test_from_constraints" time="0.001" /><testcase classname="tests.test_agent_playbooks.TestPlaybooks" name="test_need_dataset" time="0.001" /><testcase classname="tests.test_agent_playbooks.TestPlaybooks" name="test_merge" time="0.001" /><testcase classname="tests.test_agent_playbooks.TestPlaybooks" name="test_merge_left" time="0.001" /><testcase classname="tests.test_agent_playbooks.TestPlaybooks" name="test_workflow" time="0.001" /><testcase classname="tests.test_agent_playbooks.TestPlaybooks" name="test_modeling_chain" time="0.001" /><testcase classname="tests.test_agent_playbooks.TestPlaybooks" name="test_modeling_with_evaluate" time="0.001" /><testcase classname="tests.test_agent_playbooks.TestPlaybooks" name="test_model_hint" time="0.001" /><testcase classname="tests.test_agent_playbooks.TestPlaybooks" name="test_transform_clean" time="0.001" /><testcase classname="tests.test_agent_playbooks.TestPlaybooks" name="test_transform_dedupe" time="0.001" /><testcase classname="tests.test_agent_playbooks.TestPlaybooks" name="test_comprehensive" time="0.001" /><testcase classname="tests.test_agent_playbooks.TestPlaybooks" name="test_quality" time="0.001" /><testcase classname="tests.test_agent_playbooks.TestPlaybooks" name="test_eda" time="0.001" /><testcase classname="tests.test_agent_playbooks.TestPlaybooks" name="test_eda_correlation" time="0.001" /><testcase classname="tests.test_agent_playbooks.TestPlaybooks" name="test_intake_default" time="0.001" /><testcase classname="tests.test_agent_playbooks.TestPlaybooks" name="test_report_tail" time="0.001" /><testcase classname="tests.test_agent_playbooks.TestFilterDone" name="test_completed_tool_not_requeued" time="0.001" /><testcase classname="tests.test_agent_playbooks.TestFilterDone" name="test_pending_tool_not_requeued" time="0.001" /><testcase classname="tests.test_agent_playbooks.TestFilterDone" name="test_modeling_reference_step_number" time="0.001" /><testcase classname="tests.test_agent_playbooks.TestFilterDone" name="test_modeling_reference_with_base_index" time="0.001" /><testcase classname="tests.test_agent_playbooks.TestFilterDone" name="test_modeling_uses_fact_target" time="0.001" /><testcase classname="tests.test_agent_playbooks.TestNoLLMDependency" name="test_module_has_no_llm_import" time="0.001" /><testcase classname="tests.test_agent_state.TestConstruction" name="test_initial_sets_goal_and_defaults" time="0.001" /><testcase classname="tests.test_agent_state.TestConstruction" name="test_initial_uncertainty_high_when_no_goal" time="0.001" /><testcase classname="tests.test_agent_state.TestConstruction" name="test_initial_keeps_dataset_context" time="0.001" /><testcase classname="tests.test_agent_state.TestQueue" name="test_queue_adds_and_orders" time="0.001" /><testcase classname="tests.test_agent_state.TestQueue" name="test_queue_dedupes_against_pending" time="0.001" /><testcase classname="tests.test_agent_state.TestQueue" name="test_queue_dedupes_against_completed" time="0.001" /><testcase classname="tests.test_agent_state.TestQueue" name="test_pop_next_fifo" time="0.001" /><testcase classname="tests.test_agent_state.TestIngestResult" name="test_ok_records_fact_finding_and_completed" time="0.001" /><testcase classname="tests.test_agent_state.TestIngestResult" name="test_ok_lowers_uncertainty" time="0.001" /><testcase classname="tests.test_agent_state.TestIngestResult" name="test_signals_collected" time="0.001" /><testcase classname="tests.test_agent_state.TestIngestResult" name="test_artifact_collected" time="0.001" /><testcase classname="tests.test_agent_state.TestIngestResult" name="test_failure_records_and_raises_uncertainty" time="0.001" /><testcase classname="tests.test_agent_state.TestIngestResult" name="test_fact_replaced_not_appended" time="0.001" /><testcase classname="tests.test_agent_state.TestIngestResult" name="test_completed_bounded" time="0.001" /><testcase classname="tests.test_agent_state.TestCompactForRemote" name="test_compact_excludes_full_tool_result" time="0.001" /><testcase classname="tests.test_agent_state.TestCompactForRemote" name="test_compact_has_required_keys" time="0.001" /><testcase classname="tests.test_agent_state.TestFollowUp" name="test_new_task_markers" time="0.001" /><testcase classname="tests.test_agent_state.TestFollowUp" name="test_constraint_change" time="0.001" /><testcase classname="tests.test_agent_state.TestFollowUp" name="test_state_question_default" time="0.001" /><testcase classname="tests.test_agent_state.TestApplyConstraintChange" name="test_rewrites_clean_strategy_drop_to_mean" time="0.001" /><testcase classname="tests.test_agent_state.TestApplyConstraintChange" name="test_rewrites_to_median" time="0.001" /><testcase classname="tests.test_agent_state.TestApplyConstraintChange" name="test_no_clean_action_no_change" time="0.001" /><testcase classname="tests.test_agent_state.TestApplyConstraintChange" name="test_appends_constraint" time="0.001" /><testcase classname="tests.test_agent_state.TestSerialization" name="test_roundtrip_symmetry" time="0.001" /><testcase classname="tests.test_agent_state.TestSerialization" name="test_from_dict_none" time="0.001" /><testcase classname="tests.test_agent_state.TestLedger" name="test_new_keys_present" time="0.001" /><testcase classname="tests.test_agent_state.TestLedger" name="test_old_keys_preserved" time="0.001" /><testcase classname="tests.test_agent_state.TestLedger" name="test_remote_calls_mirrors_llm_calls" time="0.001" /><testcase classname="tests.test_agent_state.TestLedger" name="test_counters_increment" time="0.001" /><testcase classname="tests.test_agent_state.TestLedger" name="test_total_cost_zero_by_default" time="0.001" /><testcase classname="tests.test_agent_state.TestStoreRoundtrip" name="test_session_task_state_persists" time="0.043" /><testcase classname="tests.test_agent_state.TestStoreRoundtrip" name="test_old_json_without_new_fields_loads" time="0.043" /><testcase classname="tests.test_agent_step_resolution" name="test_resolve_workflow_id_from_previous_step" time="0.001" /><testcase classname="tests.test_agent_step_resolution" name="test_missing_dependency_is_explicit" time="0.001" /><testcase classname="tests.test_agent_token_optimization" name="test_context_budget_scales_sections_to_total_limit" time="0.001" /><testcase classname="tests.test_agent_token_optimization" name="test_dataset_context_cache_is_version_scoped" time="0.001" /><testcase classname="tests.test_agent_token_optimization" name="test_dataset_context_cache_is_bounded" time="0.001" /><testcase classname="tests.test_agent_token_optimization" name="test_mock_llm_counts_calls_for_budget" time="0.001" /><testcase classname="tests.test_agent_token_optimization" name="test_capabilities_require_explicit_support" time="0.001" /><testcase classname="tests.test_agent_token_optimization" name="test_usage_normalizes_provider_fields" time="0.001" /><testcase classname="tests.test_agent_tool_first_architecture" name="test_context_builder_never_loads_dataframe" time="0.002" /><testcase classname="tests.test_agent_tool_first_architecture" name="test_single_loop_in_loop_module" time="0.002" /><testcase classname="tests.test_agent_tool_first_architecture" name="test_no_chat_agent_hard_split" time="0.001" /><testcase classname="tests.test_agent_tool_first_architecture" name="test_remote_decision_payload_is_compact" time="0.001" /><testcase classname="tests.test_agent_tool_first_architecture" name="test_no_shell_or_eval_tool" time="0.001" /><testcase classname="tests.test_agent_turn_context" name="test_session_context_is_explicit_and_persistent" time="0.042" /><testcase classname="tests.test_agent_turn_context" name="test_only_one_active_turn_per_session" time="0.044" /><testcase classname="tests.test_agent_turn_context" name="test_interrupted_turn_is_recovered_as_failed" time="0.051" /><testcase classname="tests.test_agent_wait_states" name="test_concurrent_confirm_only_executes_once" time="1.598" /><testcase classname="tests.test_agent_wait_states" name="test_concurrent_clarify_answer_only_accepted_once" time="1.424" /><testcase classname="tests.test_agent_wait_states" name="test_store_persist_reload_is_symmetric" time="0.085" /><testcase classname="tests.test_agent_wait_states" name="test_dataset_without_version_gives_notice_not_error" time="1.604" /><testcase classname="tests.test_answer_source" name="test_describe_marks_by_llm_correctly[remote_llm_chat-True]" time="0.001" /><testcase classname="tests.test_answer_source" name="test_describe_marks_by_llm_correctly[remote_llm_summary-True]" time="0.001" /><testcase classname="tests.test_answer_source" name="test_describe_marks_by_llm_correctly[platform_rules_chat-False]" time="0.001" /><testcase classname="tests.test_answer_source" name="test_describe_marks_by_llm_correctly[platform_rules_notice-False]" time="0.001" /><testcase classname="tests.test_answer_source" name="test_describe_marks_by_llm_correctly[platform_rules_summary-False]" time="0.001" /><testcase classname="tests.test_answer_source" name="test_describe_marks_by_llm_correctly[llm_error_fallback-False]" time="0.001" /><testcase classname="tests.test_answer_source" name="test_describe_marks_by_llm_correctly[no_answer-False]" time="0.001" /><testcase classname="tests.test_answer_source" name="test_describe_degrades_for_unknown[]" time="0.001" /><testcase classname="tests.test_answer_source" name="test_describe_degrades_for_unknown[None]" time="0.001" /><testcase classname="tests.test_answer_source" name="test_describe_degrades_for_unknown[totally-unknown]" time="0.001" /><testcase classname="tests.test_answer_source" name="test_describe_degrades_for_unknown[123]" time="0.001" /><testcase classname="tests.test_answer_source" name="test_model_name_only_attached_when_llm_really_answered" time="0.001" /><testcase classname="tests.test_answer_source" name="test_describe_survives_settings_failure" time="0.001" /><testcase classname="tests.test_answer_source" name="test_summary_exposes_answer_source" time="0.001" /><testcase classname="tests.test_answer_source" name="test_summary_of_unmarked_run_is_no_answer" time="0.001" /><testcase classname="tests.test_answer_source" name="test_failed_run_is_marked_no_answer" time="0.001" /><testcase classname="tests.test_answer_source" name="test_emit_usage_publishes_a_snapshot_without_touching_behaviour" time="0.001" /><testcase classname="tests.test_answer_source" name="test_emit_usage_never_breaks_the_run" time="0.001" /><testcase classname="tests.test_api_datasets.TestDatasetAPI" name="test_create" time="0.059" /><testcase classname="tests.test_api_datasets.TestDatasetAPI" name="test_create_validation" time="0.051" /><testcase classname="tests.test_api_datasets.TestDatasetAPI" name="test_list_pagination" time="0.055" /><testcase classname="tests.test_api_datasets.TestDatasetAPI" name="test_get" time="0.077" /><testcase classname="tests.test_api_datasets.TestDatasetAPI" name="test_get_not_found" time="0.061" /><testcase classname="tests.test_api_datasets.TestDatasetAPI" name="test_patch" time="0.085" /><testcase classname="tests.test_api_datasets.TestDatasetAPI" name="test_delete" time="0.176" /><testcase classname="tests.test_api_datasets.TestAnalysisAPI" name="test_preview" time="0.082" /><testcase classname="tests.test_api_datasets.TestAnalysisAPI" name="test_preview_with_filter" time="0.077" /><testcase classname="tests.test_api_datasets.TestAnalysisAPI" name="test_preview_invalid_filter" time="0.075" /><testcase classname="tests.test_api_datasets.TestAnalysisAPI" name="test_schema" time="0.076" /><testcase classname="tests.test_api_datasets.TestAnalysisAPI" name="test_profile" time="0.081" /><testcase classname="tests.test_api_datasets.TestAnalysisAPI" name="test_quality" time="0.082" /><testcase classname="tests.test_api_datasets.TestAnalysisAPI" name="test_specific_version" time="0.104" /><testcase classname="tests.test_api_datasets.TestAnalysisAPI" name="test_dataset_not_found" time="0.053" /><testcase classname="tests.test_api_datasets.TestAnalysisAPI" name="test_no_versions" time="0.054" /><testcase classname="tests.test_api_phase8.TestFilesAPI" name="test_upload_list_get_delete" time="0.147" /><testcase classname="tests.test_api_phase8.TestFilesAPI" name="test_upload_dedup" time="0.119" /><testcase classname="tests.test_api_phase8.TestFilesAPI" name="test_upload_empty_rejected" time="0.092" /><testcase classname="tests.test_api_phase8.TestProcessingAPI" name="test_operations_catalog" time="0.052" /><testcase classname="tests.test_api_phase8.TestProcessingAPI" name="test_clean_and_aggregate" time="0.121" /><testcase classname="tests.test_api_phase8.TestProcessingAPI" name="test_invalid_filter_params" time="0.080" /><testcase classname="tests.test_api_phase8.TestMergeAPI" name="test_mapping_keys_validate_execute" time="0.158" /><testcase classname="tests.test_api_phase8.TestMergeAPI" name="test_execute_bad_key_fails_validation" time="0.100" /><testcase classname="tests.test_api_phase8.TestEdaAPI" name="test_all_modules" time="0.102" /><testcase classname="tests.test_api_phase8.TestEdaAPI" name="test_dataset_not_found" time="0.021" /><testcase classname="tests.test_api_phase8.TestMLAndExperimentsAPI" name="test_models_catalog" time="0.051" /><testcase classname="tests.test_api_phase8.TestMLAndExperimentsAPI" name="test_train_and_experiment_flow" time="0.282" /><testcase classname="tests.test_api_phase8.TestMLAndExperimentsAPI" name="test_train_task_validation" time="0.071" /><testcase classname="tests.test_api_phase8.TestWorkflowAPI" name="test_crud_run_clone_delete" time="0.082" /><testcase classname="tests.test_api_phase8.TestWorkflowAPI" name="test_invalid_dag_rejected" time="0.049" /><testcase classname="tests.test_api_phase8.TestReportsAPI" name="test_generate_and_export" time="0.122" /><testcase classname="tests.test_api_phase8.TestReportsAPI" name="test_generate_not_found" time="0.054" /><testcase classname="tests.test_config" name="test_defaults" time="0.003" /><testcase classname="tests.test_config" name="test_env_override" time="0.003" /><testcase classname="tests.test_config" name="test_masked_summary_never_contains_api_key" time="0.008" /><testcase classname="tests.test_config" name="test_mask_url_with_credentials" time="0.001" /><testcase classname="tests.test_config" name="test_remote_llm_available_requires_both_switch_and_key" time="0.007" /><testcase classname="tests.test_config" name="test_get_llm_provider_respects_remote_switch" time="0.001" /><testcase classname="tests.test_connectors" name="test_dialect_catalog_reports_driver_status" time="0.007" /><testcase classname="tests.test_connectors" name="test_dialect_whitelist_rejects_unlisted_dialect" time="0.001" /><testcase classname="tests.test_connectors" name="test_unknown_dialect_lists_supported" time="0.001" /><testcase classname="tests.test_connectors" name="test_sqlite_url_uses_absolute_posix_path" time="0.136" /><testcase classname="tests.test_connectors" name="test_identifier_quoting_differs_per_dialect" time="0.001" /><testcase classname="tests.test_connectors" name="test_identifier_whitelist_blocks_injection[events; DROP TABLE events]" time="0.001" /><testcase classname="tests.test_connectors" name="test_identifier_whitelist_blocks_injection[events' OR '1'='1]" time="0.001" /><testcase classname="tests.test_connectors" name="test_identifier_whitelist_blocks_injection[events--]" time="0.001" /><testcase classname="tests.test_connectors" name="test_identifier_whitelist_blocks_injection[1events]" time="0.001" /><testcase classname="tests.test_connectors" name="test_identifier_whitelist_blocks_injection[a.b.c]" time="0.001" /><testcase classname="tests.test_connectors" name="test_identifier_whitelist_blocks_injection[]" time="0.001" /><testcase classname="tests.test_connectors" name="test_where_fragment_rejects_statement_terminator" time="0.001" /><testcase classname="tests.test_connectors" name="test_build_select_quotes_table_and_columns" time="0.001" /><testcase classname="tests.test_connectors" name="test_password_never_stored_in_plaintext" time="0.197" /><testcase classname="tests.test_connectors" name="test_to_response_masks_password_when_absent" time="0.150" /><testcase classname="tests.test_connectors" name="test_duplicate_name_rejected" time="0.140" /><testcase classname="tests.test_connectors" name="test_driver_missing_message_is_actionable" time="10.295" /><testcase classname="tests.test_connectors" name="test_sqlite_connection_and_introspection" time="0.701" /><testcase classname="tests.test_connectors" name="test_preview_returns_rows_and_sql" time="0.271" /><testcase classname="tests.test_connectors" name="test_sqlite_import_end_to_end" time="0.331" /><testcase classname="tests.test_connectors" name="test_import_with_keyset_uses_keyset_strategy" time="0.718" /><testcase classname="tests.test_connectors" name="test_import_respects_columns_where_and_max_rows" time="0.369" /><testcase classname="tests.test_connectors" name="test_import_appends_new_version_to_existing_dataset" time="0.394" /><testcase classname="tests.test_connectors" name="test_failed_import_leaves_no_version_and_no_staging_file" time="0.392" /><testcase classname="tests.test_connectors" name="test_delete_connector_keeps_imported_dataset" time="0.298" /><testcase classname="tests.test_connectors" name="test_test_request_works_before_saving" time="0.186" /><testcase classname="tests.test_connectors" name="test_services_expose_connector_tool_risk_mapping" time="0.001" /><testcase classname="tests.test_data_center" name="test_filter_numeric_with_string_value_no_400" time="0.002" /><testcase classname="tests.test_data_center" name="test_filter_string_column_with_numeric_input_coerces_to_string" time="0.001" /><testcase classname="tests.test_data_center" name="test_filter_contains_on_numeric_column_casts_to_string" time="0.001" /><testcase classname="tests.test_data_center" name="test_filter_bool_value_coercion" time="0.001" /><testcase classname="tests.test_data_center" name="test_filter_placeholder_empty_column_is_skipped" time="0.001" /><testcase classname="tests.test_data_center" name="test_filter_all_placeholder_returns_all_rows" time="0.001" /><testcase classname="tests.test_data_center" name="test_filter_in_accepts_comma_separated_string" time="0.003" /><testcase classname="tests.test_data_center" name="test_filter_invalid_value_raises_clear_error" time="0.001" /><testcase classname="tests.test_data_center" name="test_aggregate_sum_and_count" time="0.002" /><testcase classname="tests.test_data_center" name="test_aggregate_std_included" time="0.002" /><testcase classname="tests.test_data_center" name="test_multi_merge_analyze_common_and_unique" time="0.001" /><testcase classname="tests.test_data_center" name="test_multi_merge_union_by_selected_columns" time="0.002" /><testcase classname="tests.test_data_center" name="test_multi_merge_add_source" time="0.002" /><testcase classname="tests.test_data_center" name="test_multi_merge_dtype_normalization" time="0.002" /><testcase classname="tests.test_data_center" name="test_multi_merge_selected_column_not_in_any_raises" time="0.001" /><testcase classname="tests.test_data_center" name="test_norm_ppf_matches_standard_normal" time="0.001" /><testcase classname="tests.test_data_center" name="test_descriptive_analyzer_real_stats" time="0.001" /><testcase classname="tests.test_data_center" name="test_correlation_analyzer_real_matrix" time="0.002" /><testcase classname="tests.test_data_center" name="test_distribution_analyzer_counts_sum_to_total" time="0.002" /><testcase classname="tests.test_data_center" name="test_outlier_analyzer_real_detection" time="0.002" /><testcase classname="tests.test_data_center" name="test_quality_build_report_real_issues" time="0.002" /><testcase classname="tests.test_data_center" name="test_quality_missing_checker_rejects_unknown_columns" time="0.001" /><testcase classname="tests.test_data_center" name="test_profiling_real_schema_and_profile" time="0.003" /><testcase classname="tests.test_data_center" name="test_visualization_builder_all_chart_types_real" time="0.005" /><testcase classname="tests.test_data_center" name="test_pivot_missing_params_raises_validation_not_400" time="0.001" /><testcase classname="tests.test_data_center" name="test_melt_missing_params_raises_validation_not_400" time="0.001" /><testcase classname="tests.test_data_center" name="test_pivot_melt_valid_params_pass_validation" time="0.001" /><testcase classname="tests.test_data_center" name="test_pivot_and_melt_real_transform" time="0.002" /><testcase classname="tests.test_data_center" name="test_pivot_rejects_non_numeric_values_for_sum" time="0.001" /><testcase classname="tests.test_data_engine_loaders.TestCSVLoader" name="test_basic_utf8" time="0.002" /><testcase classname="tests.test_data_engine_loaders.TestCSVLoader" name="test_semicolon_sniffed" time="0.001" /><testcase classname="tests.test_data_engine_loaders.TestCSVLoader" name="test_tsv_sniffed" time="0.001" /><testcase classname="tests.test_data_engine_loaders.TestCSVLoader" name="test_explicit_separator" time="0.001" /><testcase classname="tests.test_data_engine_loaders.TestCSVLoader" name="test_utf8_sig_bom" time="0.001" /><testcase classname="tests.test_data_engine_loaders.TestCSVLoader" name="test_gbk_auto_detected" time="0.003" /><testcase classname="tests.test_data_engine_loaders.TestCSVLoader" name="test_explicit_encoding" time="0.001" /><testcase classname="tests.test_data_engine_loaders.TestCSVLoader" name="test_encoding_error_raises_load_error" time="0.001" /><testcase classname="tests.test_data_engine_loaders.TestCSVLoader" name="test_unsupported_encoding_name" time="0.001" /><testcase classname="tests.test_data_engine_loaders.TestCSVLoader" name="test_empty_csv" time="0.001" /><testcase classname="tests.test_data_engine_loaders.TestCSVLoader" name="test_can_handle" time="0.001" /><testcase classname="tests.test_data_engine_loaders.TestJSONLoader" name="test_records" time="0.001" /><testcase classname="tests.test_data_engine_loaders.TestJSONLoader" name="test_ndjson" time="0.002" /><testcase classname="tests.test_data_engine_loaders.TestJSONLoader" name="test_standard_object" time="0.001" /><testcase classname="tests.test_data_engine_loaders.TestJSONLoader" name="test_ndjson_extension_hint" time="0.002" /><testcase classname="tests.test_data_engine_loaders.TestJSONLoader" name="test_invalid_json" time="0.001" /><testcase classname="tests.test_data_engine_loaders.TestParquetLoader" name="test_roundtrip_bytes" time="0.002" /><testcase classname="tests.test_data_engine_loaders.TestParquetLoader" name="test_metadata_lazy" time="0.002" /><testcase classname="tests.test_data_engine_loaders.TestParquetLoader" name="test_invalid_parquet" time="0.001" /><testcase classname="tests.test_data_engine_loaders.TestExcelLoader" name="test_load_first_sheet" time="0.565" /><testcase classname="tests.test_data_engine_loaders.TestExcelLoader" name="test_sheet_by_name" time="0.141" /><testcase classname="tests.test_data_engine_loaders.TestExcelLoader" name="test_sheet_not_found" time="0.139" /><testcase classname="tests.test_data_engine_loaders.TestExcelLoader" name="test_sheet_names" time="0.139" /><testcase classname="tests.test_data_engine_loaders.TestExcelLoader" name="test_can_handle" time="0.001" /><testcase classname="tests.test_data_engine_loaders.TestArffLoader" name="test_load_dense_and_sparse" time="0.001" /><testcase classname="tests.test_data_engine_loaders.TestArffLoader" name="test_relation_and_attribute_names" time="0.001" /><testcase classname="tests.test_data_engine_loaders.TestArffLoader" name="test_sparse_missing_values_filled" time="0.001" /><testcase classname="tests.test_data_engine_loaders.TestArffLoader" name="test_numeric_type_inference" time="0.001" /><testcase classname="tests.test_data_engine_loaders.TestArffLoader" name="test_nominal_string_type" time="0.001" /><testcase classname="tests.test_data_engine_loaders.TestArffLoader" name="test_missing_attribute_def" time="0.001" /><testcase classname="tests.test_data_engine_loaders.TestArffLoader" name="test_missing_data_section" time="0.001" /><testcase classname="tests.test_data_engine_loaders.TestArffLoader" name="test_can_handle" time="0.001" /><testcase classname="tests.test_data_engine_loaders.TestArffLoader" name="test_registry_routes_arff" time="0.001" /><testcase classname="tests.test_data_engine_loaders.TestRegistry" name="test_get_by_extension" time="0.001" /><testcase classname="tests.test_data_engine_loaders.TestRegistry" name="test_unknown_extension" time="0.001" /><testcase classname="tests.test_data_engine_loaders.TestRegistry" name="test_get_by_name" time="0.001" /><testcase classname="tests.test_data_engine_loaders.TestRegistry" name="test_load_convenience" time="0.001" /><testcase classname="tests.test_data_engine_loaders.TestRegistry" name="test_custom_registry_conflict" time="0.001" /><testcase classname="tests.test_data_engine_loaders.TestRegistry" name="test_supported_extensions" time="0.001" /><testcase classname="tests.test_data_engine_merge.TestSchemaMapper" name="test_exact_name_match" time="0.001" /><testcase classname="tests.test_data_engine_merge.TestSchemaMapper" name="test_no_execution" time="0.001" /><testcase classname="tests.test_data_engine_merge.TestKeyAnalyzer" name="test_analyze_key" time="0.001" /><testcase classname="tests.test_data_engine_merge.TestKeyAnalyzer" name="test_cardinality" time="0.004" /><testcase classname="tests.test_data_engine_merge.TestValidator" name="test_valid_plan" time="0.003" /><testcase classname="tests.test_data_engine_merge.TestValidator" name="test_missing_key" time="0.001" /><testcase classname="tests.test_data_engine_merge.TestValidator" name="test_type_conflict" time="0.003" /><testcase classname="tests.test_data_engine_merge.TestValidator" name="test_many_to_many_rejected" time="0.002" /><testcase classname="tests.test_data_engine_merge.TestExecutor" name="test_inner_join" time="0.005" /><testcase classname="tests.test_data_engine_merge.TestExecutor" name="test_left_join" time="0.006" /><testcase classname="tests.test_data_engine_merge.TestExecutor" name="test_outer_join" time="0.008" /><testcase classname="tests.test_data_engine_merge.TestExecutor" name="test_conflict_columns_suffixed" time="0.005" /><testcase classname="tests.test_data_engine_merge.TestExecutor" name="test_mapping_renames" time="0.006" /><testcase classname="tests.test_data_engine_merge.TestExecutor" name="test_validation_blocks_execution" time="0.001" /><testcase classname="tests.test_data_engine_merge.TestExecutor" name="test_invalid_join_type" time="0.001" /><testcase classname="tests.test_data_engine_merge.TestExecutor" name="test_duplicate_keys_reported" time="0.004" /><testcase classname="tests.test_data_engine_merge.TestPlanAndReport" name="test_plan_to_dict_roundtrip" time="0.001" /><testcase classname="tests.test_data_engine_merge.TestPlanAndReport" name="test_report_to_dict" time="0.001" /><testcase classname="tests.test_data_engine_operations.TestHandleMissing" name="test_drop" time="0.001" /><testcase classname="tests.test_data_engine_operations.TestHandleMissing" name="test_mean" time="0.001" /><testcase classname="tests.test_data_engine_operations.TestHandleMissing" name="test_median" time="0.001" /><testcase classname="tests.test_data_engine_operations.TestHandleMissing" name="test_mode" time="0.001" /><testcase classname="tests.test_data_engine_operations.TestHandleMissing" name="test_constant" time="0.001" /><testcase classname="tests.test_data_engine_operations.TestHandleMissing" name="test_constant_requires_value" time="0.001" /><testcase classname="tests.test_data_engine_operations.TestHandleMissing" name="test_mean_rejects_string" time="0.001" /><testcase classname="tests.test_data_engine_operations.TestHandleMissing" name="test_unknown_strategy" time="0.001" /><testcase classname="tests.test_data_engine_operations.TestHandleMissing" name="test_input_not_modified" time="0.001" /><testcase classname="tests.test_data_engine_operations.TestDropDuplicates" name="test_first_last" time="0.001" /><testcase classname="tests.test_data_engine_operations.TestDropDuplicates" name="test_full_row_unique" time="0.001" /><testcase classname="tests.test_data_engine_operations.TestDropDuplicates" name="test_subset" time="0.001" /><testcase classname="tests.test_data_engine_operations.TestDropDuplicates" name="test_invalid_keep" time="0.001" /><testcase classname="tests.test_data_engine_operations.TestCast" name="test_str_to_int" time="0.001" /><testcase classname="tests.test_data_engine_operations.TestCast" name="test_str_to_float" time="0.002" /><testcase classname="tests.test_data_engine_operations.TestCast" name="test_str_to_bool" time="0.003" /><testcase classname="tests.test_data_engine_operations.TestCast" name="test_str_to_date" time="0.002" /><testcase classname="tests.test_data_engine_operations.TestCast" name="test_str_to_date_custom_format" time="0.002" /><testcase classname="tests.test_data_engine_operations.TestCast" name="test_str_to_datetime" time="0.002" /><testcase classname="tests.test_data_engine_operations.TestCast" name="test_float_to_int" time="0.001" /><testcase classname="tests.test_data_engine_operations.TestCast" name="test_failed_cast_detailed_error" time="0.001" /><testcase classname="tests.test_data_engine_operations.TestCast" name="test_unknown_target" time="0.001" /><testcase classname="tests.test_data_engine_operations.TestCast" name="test_unknown_column" time="0.001" /><testcase classname="tests.test_data_engine_operations.TestStringOps" name="test_trim" time="0.001" /><testcase classname="tests.test_data_engine_operations.TestStringOps" name="test_lower_upper" time="0.002" /><testcase classname="tests.test_data_engine_operations.TestStringOps" name="test_replace" time="0.001" /><testcase classname="tests.test_data_engine_operations.TestStringOps" name="test_regex" time="0.001" /><testcase classname="tests.test_data_engine_operations.TestStringOps" name="test_regex_requires_pattern" time="0.001" /><testcase classname="tests.test_data_engine_operations.TestStringOps" name="test_non_string_column_rejected" time="0.001" /><testcase classname="tests.test_data_engine_operations.TestStringOps" name="test_unknown_op" time="0.001" /><testcase classname="tests.test_data_engine_operations.TestFilter" name="test_comparison_ops" time="0.002" /><testcase classname="tests.test_data_engine_operations.TestFilter" name="test_contains_in_is_null" time="0.002" /><testcase classname="tests.test_data_engine_operations.TestFilter" name="test_and_or_logic" time="0.002" /><testcase classname="tests.test_data_engine_operations.TestFilter" name="test_unknown_op_rejected" time="0.001" /><testcase classname="tests.test_data_engine_operations.TestFilter" name="test_unknown_column_rejected" time="0.001" /><testcase classname="tests.test_data_engine_operations.TestFilter" name="test_in_requires_list" time="0.001" /><testcase classname="tests.test_data_engine_operations.TestTransform" name="test_math_column_and_value" time="0.002" /><testcase classname="tests.test_data_engine_operations.TestTransform" name="test_div_by_zero_gives_null" time="0.001" /><testcase classname="tests.test_data_engine_operations.TestTransform" name="test_date_part" time="0.001" /><testcase classname="tests.test_data_engine_operations.TestTransform" name="test_duplicate_name_rejected" time="0.001" /><testcase classname="tests.test_data_engine_operations.TestTransform" name="test_overwrite_allowed" time="0.001" /><testcase classname="tests.test_data_engine_operations.TestTransform" name="test_unknown_column" time="0.001" /><testcase classname="tests.test_data_engine_operations.TestAggregate" name="test_group_aggregations" time="0.002" /><testcase classname="tests.test_data_engine_operations.TestAggregate" name="test_numeric_only" time="0.001" /><testcase classname="tests.test_data_engine_operations.TestAggregate" name="test_unknown_func" time="0.001" /><testcase classname="tests.test_data_engine_operations.TestAggregate" name="test_missing_group_by" time="0.001" /><testcase classname="tests.test_data_engine_operations.TestPivot" name="test_pivot_sum" time="0.002" /><testcase classname="tests.test_data_engine_operations.TestPivot" name="test_too_many_columns" time="0.001" /><testcase classname="tests.test_data_engine_operations.TestPivot" name="test_invalid_aggregation" time="0.001" /><testcase classname="tests.test_data_engine_operations.TestMelt" name="test_basic" time="0.001" /><testcase classname="tests.test_data_engine_operations.TestMelt" name="test_value_vars" time="0.001" /><testcase classname="tests.test_data_engine_operations.TestMelt" name="test_overlap_rejected" time="0.001" /><testcase classname="tests.test_data_engine_operations.TestMelt" name="test_requires_spec" time="0.001" /><testcase classname="tests.test_data_engine_profiling_quality.TestPreview" name="test_pagination" time="0.001" /><testcase classname="tests.test_data_engine_profiling_quality.TestPreview" name="test_columns" time="0.001" /><testcase classname="tests.test_data_engine_profiling_quality.TestPreview" name="test_sort" time="0.001" /><testcase classname="tests.test_data_engine_profiling_quality.TestPreview" name="test_filter" time="0.002" /><testcase classname="tests.test_data_engine_profiling_quality.TestPreview" name="test_filter_hidden_column" time="0.001" /><testcase classname="tests.test_data_engine_profiling_quality.TestPreview" name="test_unknown_column" time="0.001" /><testcase classname="tests.test_data_engine_profiling_quality.TestPreview" name="test_invalid_page" time="0.001" /><testcase classname="tests.test_data_engine_profiling_quality.TestPreview" name="test_json_serializable" time="0.001" /><testcase classname="tests.test_data_engine_profiling_quality.TestSchemaEngine" name="test_analyze_schema" time="0.002" /><testcase classname="tests.test_data_engine_profiling_quality.TestProfile" name="test_profile_numeric" time="0.002" /><testcase classname="tests.test_data_engine_profiling_quality.TestProfile" name="test_profile_categorical" time="0.002" /><testcase classname="tests.test_data_engine_profiling_quality.TestProfile" name="test_json_serializable" time="0.002" /><testcase classname="tests.test_data_engine_profiling_quality.TestQualityCheckers" name="test_missing_checker" time="0.001" /><testcase classname="tests.test_data_engine_profiling_quality.TestQualityCheckers" name="test_missing_checker_severity_thresholds" time="0.001" /><testcase classname="tests.test_data_engine_profiling_quality.TestQualityCheckers" name="test_duplicate_checker_full_row" time="0.001" /><testcase classname="tests.test_data_engine_profiling_quality.TestQualityCheckers" name="test_duplicate_checker_subset" time="0.001" /><testcase classname="tests.test_data_engine_profiling_quality.TestQualityCheckers" name="test_outlier_checker_iqr" time="0.001" /><testcase classname="tests.test_data_engine_profiling_quality.TestQualityCheckers" name="test_outlier_checker_zscore" time="0.001" /><testcase classname="tests.test_data_engine_profiling_quality.TestQualityCheckers" name="test_schema_checker" time="0.001" /><testcase classname="tests.test_data_engine_profiling_quality.TestQualityCheckers" name="test_schema_checker_type_conflict" time="0.001" /><testcase classname="tests.test_data_engine_profiling_quality.TestQualityCheckers" name="test_checkers_do_not_modify_data" time="0.002" /><testcase classname="tests.test_data_engine_profiling_quality.TestQualityReport" name="test_build_report" time="0.002" /><testcase classname="tests.test_data_engine_profiling_quality.TestQualityReport" name="test_report_with_expected_schema" time="0.002" /><testcase classname="tests.test_data_engine_profiling_quality.TestQualityReport" name="test_recommendations" time="0.002" /><testcase classname="tests.test_data_engine_service.TestVersionedOperations" name="test_run_operation_creates_new_version" time="0.090" /><testcase classname="tests.test_data_engine_service.TestVersionedOperations" name="test_original_version_unchanged" time="0.089" /><testcase classname="tests.test_data_engine_service.TestVersionedOperations" name="test_failed_operation_recorded" time="0.073" /><testcase classname="tests.test_data_engine_service.TestVersionedOperations" name="test_unknown_operation" time="0.075" /><testcase classname="tests.test_data_engine_service.TestVersionedOperations" name="test_available_operations" time="0.044" /><testcase classname="tests.test_data_engine_service.TestAnalysis" name="test_schema_profile_quality" time="0.076" /><testcase classname="tests.test_data_engine_service.TestAnalysis" name="test_preview" time="0.040" /><testcase classname="tests.test_data_engine_service.TestMergeFlow" name="test_run_merge" time="0.113" /><testcase classname="tests.test_data_engine_service.TestMergeFlow" name="test_validate_merge" time="0.045" /><testcase classname="tests.test_database" name="test_engine_select_1" time="0.001" /><testcase classname="tests.test_database" name="test_get_db_yields_session_and_closes" time="0.005" /><testcase classname="tests.test_database" name="test_sessionmaker_usable" time="0.004" /><testcase classname="tests.test_database" name="test_base_model_columns" time="0.012" /><testcase classname="tests.test_database" name="test_base_allows_partial_models" time="0.010" /><testcase classname="tests.test_dataset_version_concurrency" name="test_sequential_versions_are_monotonic" time="0.150" /><testcase classname="tests.test_dataset_version_concurrency" name="test_explicit_parent_version_is_preserved" time="0.149" /><testcase classname="tests.test_dataset_version_concurrency" name="test_concurrent_create_version_never_duplicates" time="0.289" /><testcase classname="tests.test_dataset_version_concurrency" name="test_concurrent_versions_have_uncorrupted_snapshots" time="1.129" /><testcase classname="tests.test_dataset_version_concurrency" name="test_concurrent_reservation_conflict_is_retried" time="0.125" /><testcase classname="tests.test_dataset_version_concurrency" name="test_storage_conflict_does_not_delete_existing_snapshot" time="0.166" /><testcase classname="tests.test_dataset_version_concurrency" name="test_db_commit_failure_leaves_no_orphan_snapshot" time="0.166" /><testcase classname="tests.test_dataset_version_concurrency" name="test_failure_after_commit_keeps_snapshot" time="0.121" /><testcase classname="tests.test_dataset_version_concurrency" name="test_staging_failure_creates_no_version" time="0.150" /><testcase classname="tests.test_dataset_version_concurrency" name="test_incomplete_staging_is_rejected" time="0.568" /><testcase classname="tests.test_dataset_version_concurrency" name="test_duplicate_version_is_rejected_by_database" time="0.120" /><testcase classname="tests.test_dataset_version_concurrency" name="test_unique_constraint_exists" time="0.099" /><testcase classname="tests.test_dataset_version_concurrency" name="test_cross_dataset_parent_is_rejected" time="0.149" /><testcase classname="tests.test_dataset_version_concurrency" name="test_version_unique_conflict_is_retried" time="0.148" /><testcase classname="tests.test_dataset_version_concurrency" name="test_non_version_integrity_error_is_not_retried" time="0.100" /><testcase classname="tests.test_eda.TestDescriptive" name="test_numeric_and_categorical" time="0.002" /><testcase classname="tests.test_eda.TestDescriptive" name="test_selected_columns" time="0.001" /><testcase classname="tests.test_eda.TestDistribution" name="test_numeric_bins" time="0.001" /><testcase classname="tests.test_eda.TestDistribution" name="test_numeric_constant" time="0.001" /><testcase classname="tests.test_eda.TestDistribution" name="test_categorical" time="0.001" /><testcase classname="tests.test_eda.TestDistribution" name="test_dispatch_by_type" time="0.002" /><testcase classname="tests.test_eda.TestCorrelation" name="test_pearson_known_value" time="0.002" /><testcase classname="tests.test_eda.TestCorrelation" name="test_auto_methods" time="0.002" /><testcase classname="tests.test_eda.TestCorrelation" name="test_requires_numeric" time="0.001" /><testcase classname="tests.test_eda.TestCorrelation" name="test_invalid_method" time="0.001" /><testcase classname="tests.test_eda.TestEdaOutlier" name="test_outlier_profile" time="0.001" /><testcase classname="tests.test_eda.TestEdaOutlier" name="test_constant_column_skipped" time="0.001" /><testcase classname="tests.test_eda.TestVisualization" name="test_histogram" time="0.002" /><testcase classname="tests.test_eda.TestVisualization" name="test_bar" time="0.001" /><testcase classname="tests.test_eda.TestVisualization" name="test_line" time="0.002" /><testcase classname="tests.test_eda.TestVisualization" name="test_scatter_downsample" time="0.002" /><testcase classname="tests.test_eda.TestVisualization" name="test_boxplot" time="0.001" /><testcase classname="tests.test_eda.TestVisualization" name="test_boxplot_grouped" time="0.002" /><testcase classname="tests.test_eda.TestVisualization" name="test_heatmap" time="0.002" /><testcase classname="tests.test_eda.TestVisualization" name="test_unknown_chart" time="0.001" /><testcase classname="tests.test_eda.TestVisualization" name="test_all_json_serializable" time="0.003" /><testcase classname="tests.test_eda_input_validation.TestLineDuplicateColumn" name="test_line_with_same_x_and_y_is_422_not_500" time="0.019" /><testcase classname="tests.test_eda_input_validation.TestLineDuplicateColumn" name="test_line_rejects_same_column_at_analysis_layer" time="0.001" /><testcase classname="tests.test_eda_input_validation.TestLineDuplicateColumn" name="test_line_never_leaks_duplicate_error" time="0.425" /><testcase classname="tests.test_eda_input_validation.TestLineDuplicateColumn" name="test_line_normal_still_works" time="0.019" /><testcase classname="tests.test_eda_input_validation.TestDuplicateColumnAcrossCharts" name="test_scatter_with_same_x_and_y_is_422" time="0.018" /><testcase classname="tests.test_eda_input_validation.TestDuplicateColumnAcrossCharts" name="test_grouped_bar_column_equals_group_by_is_422" time="0.017" /><testcase classname="tests.test_eda_input_validation.TestDuplicateColumnAcrossCharts" name="test_grouped_bar_column_equals_y_is_422" time="0.017" /><testcase classname="tests.test_eda_input_validation.TestDuplicateColumnAcrossCharts" name="test_require_distinct_columns_helper" time="0.001" /><testcase classname="tests.test_eda_input_validation.TestDuplicateColumnAcrossCharts" name="test_grouped_bar_same_column_rejected_not_crashed" time="0.001" /><testcase classname="tests.test_eda_input_validation.TestDuplicateColumnAcrossCharts" name="test_grouped_bar_normal_path_unchanged" time="0.003" /><testcase classname="tests.test_eda_input_validation.TestDuplicateColumnAcrossCharts" name="test_grouped_bar_all_aggs_work" time="0.006" /><testcase classname="tests.test_eda_input_validation.TestHeatmapCategoricalColumns" name="test_categorical_only_selection_is_422_with_reason[Month,DayofMonth]" time="0.019" /><testcase classname="tests.test_eda_input_validation.TestHeatmapCategoricalColumns" name="test_categorical_only_selection_is_422_with_reason[Month,DayofMonth,DayOfWeek]" time="0.020" /><testcase classname="tests.test_eda_input_validation.TestHeatmapCategoricalColumns" name="test_details_expose_rejected_columns" time="0.019" /><testcase classname="tests.test_eda_input_validation.TestHeatmapCategoricalColumns" name="test_mixed_selection_reports_partial_availability" time="0.018" /><testcase classname="tests.test_eda_input_validation.TestHeatmapCategoricalColumns" name="test_missing_column_reported_distinctly" time="0.017" /><testcase classname="tests.test_eda_input_validation.TestHeatmapCategoricalColumns" name="test_numeric_columns_still_succeed" time="0.018" /><testcase classname="tests.test_eda_input_validation.TestHeatmapCategoricalColumns" name="test_correlation_message_also_explains_categorical" time="0.002" /><testcase classname="tests.test_eda_input_validation.TestHeatmapCategoricalColumns" name="test_correlation_without_columns_keeps_plain_message" time="0.002" /><testcase classname="tests.test_eda_input_validation.TestHeatmapCategoricalColumns" name="test_correlation_with_enough_continuous_columns_succeeds" time="0.001" /><testcase classname="tests.test_eda_input_validation.TestStaleColumnsAcrossDatasets" name="test_stale_columns_on_other_dataset_is_422_with_missing[/descriptive-params0]" time="0.018" /><testcase classname="tests.test_eda_input_validation.TestStaleColumnsAcrossDatasets" name="test_stale_columns_on_other_dataset_is_422_with_missing[/correlation-params1]" time="0.018" /><testcase classname="tests.test_eda_input_validation.TestStaleColumnsAcrossDatasets" name="test_stale_columns_on_other_dataset_is_422_with_missing[/distribution-params2]" time="0.017" /><testcase classname="tests.test_eda_input_validation.TestStaleColumnsAcrossDatasets" name="test_stale_columns_on_other_dataset_is_422_with_missing[/outlier-params3]" time="0.015" /><testcase classname="tests.test_eda_input_validation.TestStaleColumnsAcrossDatasets" name="test_visualize_stale_columns_is_422" time="0.018" /><testcase classname="tests.test_eda_input_validation.TestStaleColumnsAcrossDatasets" name="test_same_columns_on_their_own_dataset_succeed" time="0.022" /><testcase classname="tests.test_eda_input_validation.TestStaleColumnsAcrossDatasets" name="test_correlation_on_dataset_without_enough_numeric" time="0.018" /><testcase classname="tests.test_eda_input_validation.TestStaleColumnsAcrossDatasets" name="test_projection_drops_nonexistent_columns_instead_of_500" time="0.001" /><testcase classname="tests.test_eda_input_validation.TestStaleColumnsAcrossDatasets" name="test_projection_dedupes_repeated_columns" time="0.001" /><testcase classname="tests.test_eda_input_validation.TestStaleColumnsAcrossDatasets" name="test_projection_keeps_valid_columns" time="0.001" /><testcase classname="tests.test_eda_input_validation.TestErrorPayloadShape" name="test_error_payload_has_message_and_details" time="0.017" /><testcase classname="tests.test_eda_input_validation.TestErrorPayloadShape" name="test_request_id_present_for_troubleshooting" time="0.020" /><testcase classname="tests.test_eda_input_validation.TestErrorPayloadShape" name="test_details_hint_guides_user" time="0.018" /><testcase classname="tests.test_eda_input_validation.TestErrorPayloadShape" name="test_no_internal_error_for_any_bad_column_combination" time="0.094" /><testcase classname="tests.test_eda_input_validation.TestNoRegressionOnHappyPath" name="test_chart_still_renders[histogram-extra0]" time="0.017" /><testcase classname="tests.test_eda_input_validation.TestNoRegressionOnHappyPath" name="test_chart_still_renders[bar-extra1]" time="0.019" /><testcase classname="tests.test_eda_input_validation.TestNoRegressionOnHappyPath" name="test_chart_still_renders[line-extra2]" time="0.020" /><testcase classname="tests.test_eda_input_validation.TestNoRegressionOnHappyPath" name="test_chart_still_renders[scatter-extra3]" time="0.020" /><testcase classname="tests.test_eda_input_validation.TestNoRegressionOnHappyPath" name="test_chart_still_renders[boxplot-extra4]" time="0.019" /><testcase classname="tests.test_eda_input_validation.TestNoRegressionOnHappyPath" name="test_chart_still_renders[boxplot-extra5]" time="0.020" /><testcase classname="tests.test_eda_input_validation.TestNoRegressionOnHappyPath" name="test_chart_still_renders[qq-extra6]" time="0.021" /><testcase classname="tests.test_eda_input_validation.TestNoRegressionOnHappyPath" name="test_chart_still_renders[area-extra7]" time="0.017" /><testcase classname="tests.test_eda_input_validation.TestNoRegressionOnHappyPath" name="test_chart_still_renders[heatmap-extra8]" time="0.020" /><testcase classname="tests.test_eda_input_validation.TestNoRegressionOnHappyPath" name="test_chart_still_renders[heatmap-extra9]" time="0.018" /><testcase classname="tests.test_eda_input_validation.TestNoRegressionOnHappyPath" name="test_chart_still_renders[grouped_bar-extra10]" time="0.019" /><testcase classname="tests.test_eda_input_validation.TestNoRegressionOnHappyPath" name="test_line_aggregates_duplicate_x" time="0.003" /><testcase classname="tests.test_eda_input_validation.TestNoRegressionOnHappyPath" name="test_scatter_returns_aligned_axes" time="0.002" /><testcase classname="tests.test_eda_input_validation.TestNoRegressionOnHappyPath" name="test_descriptive_selected_columns_ok" time="0.001" /><testcase classname="tests.test_eda_input_validation.TestNoRegressionOnHappyPath" name="test_deprecation_free_under_warnings_filter" time="0.003" /><testcase classname="tests.test_exceptions" name="test_exception_defaults[AppException-500-INTERNAL_ERROR]" time="0.001" /><testcase classname="tests.test_exceptions" name="test_exception_defaults[ValidationException-422-VALIDATION_ERROR]" time="0.001" /><testcase classname="tests.test_exceptions" name="test_exception_defaults[NotFoundException-404-NOT_FOUND]" time="0.001" /><testcase classname="tests.test_exceptions" name="test_exception_defaults[PermissionDeniedException-403-PERMISSION_DENIED]" time="0.001" /><testcase classname="tests.test_exceptions" name="test_exception_defaults[ToolExecutionException-500-TOOL_EXECUTION_ERROR]" time="0.001" /><testcase classname="tests.test_exceptions" name="test_exception_defaults[DatasetException-400-DATASET_ERROR]" time="0.001" /><testcase classname="tests.test_exceptions" name="test_exception_defaults[StorageException-500-STORAGE_ERROR]" time="0.001" /><testcase classname="tests.test_exceptions" name="test_exception_defaults[WorkflowException-500-WORKFLOW_ERROR]" time="0.001" /><testcase classname="tests.test_exceptions" name="test_exception_defaults[AgentException-500-AGENT_ERROR]" time="0.001" /><testcase classname="tests.test_exceptions" name="test_custom_fields" time="0.001" /><testcase classname="tests.test_experiments" name="test_experiment_models_roundtrip" time="0.071" /><testcase classname="tests.test_experiments" name="test_create_experiment_validation" time="0.064" /><testcase classname="tests.test_experiments" name="test_run_classification_success" time="0.214" /><testcase classname="tests.test_experiments" name="test_run_does_not_mutate_experiment_definition" time="0.213" /><testcase classname="tests.test_experiments" name="test_run_regression_success" time="0.098" /><testcase classname="tests.test_experiments" name="test_run_clustering_success" time="0.185" /><testcase classname="tests.test_experiments" name="test_run_failure_recorded" time="0.094" /><testcase classname="tests.test_experiments" name="test_run_without_target_missing_column" time="0.077" /><testcase classname="tests.test_experiments" name="test_get_list_and_runs" time="0.212" /><testcase classname="tests.test_experiments" name="test_comparator_best_and_param_diff" time="0.349" /><testcase classname="tests.test_experiments" name="test_comparator_direction_aware" time="0.001" /><testcase classname="tests.test_experiments" name="test_comparator_ignores_failed_runs" time="0.220" /><testcase classname="tests.test_experiments" name="test_list_with_latest_runs_returns_last_successful_run" time="0.223" /><testcase classname="tests.test_experiments" name="test_list_with_latest_runs_is_empty_when_never_run" time="0.072" /><testcase classname="tests.test_experiments" name="test_list_with_latest_runs_is_two_queries_not_n_plus_1" time="0.733" /><testcase classname="tests.test_health" name="test_health_ok" time="0.037" /><testcase classname="tests.test_health" name="test_request_id_generated" time="0.005" /><testcase classname="tests.test_health" name="test_request_id_passthrough" time="0.005" /><testcase classname="tests.test_health" name="test_unhandled_exception_returns_structured_json" time="0.015" /><testcase classname="tests.test_ingest_scale" name="test_upload_limit_is_configurable_not_hardcoded" time="0.001" /><testcase classname="tests.test_ingest_scale" name="test_files_limits_endpoint_exposes_cap" time="0.005" /><testcase classname="tests.test_ingest_scale" name="test_format_normalization_and_rejection" time="0.001" /><testcase classname="tests.test_ingest_scale" name="test_large_csv_ingest_uses_streaming_strategy" time="0.370" /><testcase classname="tests.test_ingest_scale" name="test_gbk_csv_is_transcoded_then_streamed" time="0.153" /><testcase classname="tests.test_ingest_scale" name="test_materialize_format_is_size_capped" time="0.097" /><testcase classname="tests.test_ingest_scale" name="test_create_version_from_source_is_streaming" time="0.352" /><testcase classname="tests.test_ingest_scale" name="test_scan_version_pushes_down_projection_and_filter" time="0.418" /><testcase classname="tests.test_ingest_scale" name="test_load_version_column_pruning_still_works" time="0.389" /><testcase classname="tests.test_ingest_scale" name="test_file_service_stream_download_reads_by_chunks" time="0.061" /><testcase classname="tests.test_ingest_scale" name="test_upload_promotes_temp_file_into_storage" time="0.061" /><testcase classname="tests.test_ingest_scale" name="test_threshold_routes_small_files_to_sink_and_large_to_chunked" time="0.179" /><testcase classname="tests.test_ingest_scale" name="test_chunked_ingest_matches_full_read" time="0.154" /><testcase classname="tests.test_ingest_scale" name="test_chunked_reader_does_not_split_quoted_newline" time="0.107" /><testcase classname="tests.test_ingest_scale" name="test_chunked_reader_handles_missing_trailing_newline" time="0.120" /><testcase classname="tests.test_ingest_scale" name="test_iter_text_chunks_only_cuts_outside_quotes" time="0.001" /><testcase classname="tests.test_ingest_scale" name="test_decode_probe_tolerates_truncated_multibyte_tail" time="0.001" /><testcase classname="tests.test_ingest_scale" name="test_gbk_file_over_probe_head_is_not_misdetected_as_latin1" time="0.193" /><testcase classname="tests.test_ingest_scale" name="test_chunked_gbk_uses_transcode" time="0.188" /><testcase classname="tests.test_ingest_scale" name="test_chunked_falls_back_to_all_strings_when_types_conflict" time="0.173" /><testcase classname="tests.test_ingest_scale" name="test_chunked_honours_column_projection" time="0.134" /><testcase classname="tests.test_ingest_scale" name="test_both_ingest_paths_agree_on_ragged_rows" time="0.194" /><testcase classname="tests.test_ingest_scale" name="test_arff_dense_goes_through_streaming_path" time="0.116" /><testcase classname="tests.test_ingest_scale" name="test_arff_streaming_matches_materialized" time="0.116" /><testcase classname="tests.test_ingest_scale" name="test_arff_sparse_falls_back_to_materialize" time="0.105" /><testcase classname="tests.test_ingest_scale" name="test_arff_header_scan_skips_comments_and_finds_data_offset" time="0.112" /><testcase classname="tests.test_ingest_scale" name="test_arff_gbk_is_transcoded_then_streamed" time="0.153" /><testcase classname="tests.test_ingest_scale" name="test_arff_streaming_honours_column_projection" time="0.112" /><testcase classname="tests.test_ingest_scale" name="test_arff_streaming_is_correct_across_small_chunks" time="0.108" /><testcase classname="tests.test_local_chat" name="test_greeting_gets_local_reply[\u4f60\u597d]" time="0.001" /><testcase classname="tests.test_local_chat" name="test_greeting_gets_local_reply[\u60a8\u597d]" time="0.001" /><testcase classname="tests.test_local_chat" name="test_greeting_gets_local_reply[\u55e8]" time="0.001" /><testcase classname="tests.test_local_chat" name="test_greeting_gets_local_reply[hello]" time="0.001" /><testcase classname="tests.test_local_chat" name="test_greeting_gets_local_reply[hi]" time="0.001" /><testcase classname="tests.test_local_chat" name="test_greeting_gets_local_reply[\u65e9\u4e0a\u597d]" time="0.001" /><testcase classname="tests.test_local_chat" name="test_greeting_gets_local_reply[\u5728\u5417]" time="0.001" /><testcase classname="tests.test_local_chat" name="test_thanks[\u8c22\u8c22]" time="0.001" /><testcase classname="tests.test_local_chat" name="test_thanks[\u611f\u8c22]" time="0.001" /><testcase classname="tests.test_local_chat" name="test_thanks[\u8f9b\u82e6\u4e86]" time="0.001" /><testcase classname="tests.test_local_chat" name="test_farewell[\u518d\u89c1]" time="0.002" /><testcase classname="tests.test_local_chat" name="test_farewell[\u62dc\u62dc]" time="0.001" /><testcase classname="tests.test_local_chat" name="test_identity_beats_generic_greeting[\u4f60\u662f\u8c01]" time="0.003" /><testcase classname="tests.test_local_chat" name="test_identity_beats_generic_greeting[\u4f60\u53eb\u4ec0\u4e48]" time="0.003" /><testcase classname="tests.test_local_chat" name="test_identity_beats_generic_greeting[\u4ecb\u7ecd\u4e00\u4e0b\u4f60\u81ea\u5df1]" time="0.003" /><testcase classname="tests.test_local_chat" name="test_capability_reply_lists_real_registry_count" time="0.005" /><testcase classname="tests.test_local_chat" name="test_usage_reply_mentions_binding_dataset" time="0.001" /><testcase classname="tests.test_local_chat" name="test_unknown_intent_returns_none[\u4eca\u5929\u5929\u6c14\u4e0d\u9519]" time="0.001" /><testcase classname="tests.test_local_chat" name="test_unknown_intent_returns_none[\u8bb2\u4e2a\u7b11\u8bdd]" time="0.001" /><testcase classname="tests.test_local_chat" name="test_unknown_intent_returns_none[\u5e2e\u6211\u5199\u9996\u8bd7]" time="0.001" /><testcase classname="tests.test_local_chat" name="test_unknown_intent_returns_none[]" time="0.001" /><testcase classname="tests.test_local_chat" name="test_tool_overview_follows_registry" time="0.001" /><testcase classname="tests.test_local_chat" name="test_tool_overview_degrades_without_registry" time="0.001" /><testcase classname="tests.test_local_chat" name="test_capability_examples_are_capped" time="0.001" /><testcase classname="tests.test_local_chat" name="test_notice_when_key_present_but_disabled" time="0.001" /><testcase classname="tests.test_local_chat" name="test_notice_when_key_absent" time="0.001" /><testcase classname="tests.test_local_chat" name="test_notice_when_key_present_and_enabled" time="0.001" /><testcase classname="tests.test_local_router_contract_snapshot" name="test_snapshot_tool_list_matches_live_registry" time="0.003" /><testcase classname="tests.test_local_router_contract_snapshot" name="test_snapshot_required_params_match_live_registry" time="0.003" /><testcase classname="tests.test_local_router_contract_snapshot" name="test_snapshot_label_space_matches_contract" time="0.002" /><testcase classname="tests.test_local_router_contract_snapshot" name="test_snapshot_source_hash_is_current" time="0.003" /><testcase classname="tests.test_local_router_contract_snapshot" name="test_live_registry_wins_when_available" time="0.005" /><testcase classname="tests.test_local_router_contract_snapshot" name="test_escalation_rule_has_priority_over_l1" time="0.005" /><testcase classname="tests.test_local_router_contract_snapshot" name="test_unbound_dataset_turns_call_into_ask" time="0.002" /><testcase classname="tests.test_local_router_contract_snapshot" name="test_bound_dataset_executes_directly" time="0.002" /><testcase classname="tests.test_local_router_contract_snapshot" name="test_ask_prefix_is_idempotent_not_double_wrapped" time="0.002" /><testcase classname="tests.test_local_router_contract_snapshot" name="test_chat_and_missing_prediction_paths" time="0.001" /><testcase classname="tests.test_local_router_contract_snapshot" name="test_label_space_never_contains_unknown_tool" time="0.002" /><testcase classname="tests.test_local_router_escalation_rules" name="test_empty_and_blank_return_none" time="0.001" /><testcase classname="tests.test_local_router_escalation_rules" name="test_returns_closed_enum_member" time="0.001" /><testcase classname="tests.test_local_router_escalation_rules" name="test_reason_detection[\u5148\u505a\u6570\u636e\u8d28\u91cf\u68c0\u67e5\uff0c\u6709\u95ee\u9898\u5c31\u81ea\u52a8\u6e05\u6d17\uff0c\u7136\u540e\u8dd1 EDA\uff0c\u518d\u6839\u636e\u7ed3\u679c\u51b3\u5b9a\u8981\u4e0d\u8981\u505a\u7279\u5f81\u5de5\u7a0b-multi_step]" time="0.001" /><testcase classname="tests.test_local_router_escalation_rules" name="test_reason_detection[\u8bad\u7ec3\u7684\u65f6\u5019\u8ba9\u5b66\u4e60\u7387\u968f\u8fed\u4ee3\u6b21\u6570\u8870\u51cf\uff0c\u914d\u5408 warmup-param_dependency]" time="0.001" /><testcase classname="tests.test_local_router_escalation_rules" name="test_reason_detection[\u628a\u8fd9\u4e2a\u6570\u636e\u96c6\u5220\u6389\uff0c\u4f46\u5b83\u7684\u5386\u53f2\u7248\u672c\u90fd\u8981\u4fdd\u7559-conflict]" time="0.001" /><testcase classname="tests.test_local_router_escalation_rules" name="test_reason_detection[\u628a\u8fd9\u4e2a\u6570\u636e\u96c6\u540c\u6b65\u5230\u6211\u4eec\u7684 S3 \u5b58\u50a8\u6876-out_of_scope]" time="0.001" /><testcase classname="tests.test_local_router_escalation_rules" name="test_reason_detection[\u4f18\u5316\u4e00\u4e0b-ambiguous]" time="0.001" /><testcase classname="tests.test_local_router_escalation_rules" name="test_reason_detection[\u8fd9\u4e2a\u6570\u636e\u5e72\u51c0\u5417-None]" time="0.001" /><testcase classname="tests.test_local_router_escalation_rules" name="test_reason_detection[\u8bad\u7ec3\u4e00\u4e2a\u968f\u673a\u68ee\u6797\u6a21\u578b-None]" time="0.001" /><testcase classname="tests.test_local_router_escalation_rules" name="test_vague_markers_must_be_phrases_not_single_chars" time="0.001" /><testcase classname="tests.test_local_router_escalation_rules" name="test_known_traps_do_not_escalate[\u9884\u5904\u7406\u53c2\u6570\u53ef\u4ee5\u600e\u4e48\u8bbe\u7f6e]" time="0.001" /><testcase classname="tests.test_local_router_escalation_rules" name="test_known_traps_do_not_escalate[\u60f3\u641e\u61c2\u6d41\u7a0b\u6b65\u9aa4]" time="0.001" /><testcase classname="tests.test_local_router_escalation_rules" name="test_known_traps_do_not_escalate[\u89e3\u91ca\u4e00\u4e0b\u9884\u5904\u7406\u53c2\u6570]" time="0.001" /><testcase classname="tests.test_local_router_escalation_rules" name="test_known_traps_do_not_escalate[\u8fd9\u4e2a\u6570\u636e\u5e72\u51c0\u5417]" time="0.001" /><testcase classname="tests.test_local_router_escalation_rules" name="test_known_traps_do_not_escalate[\u63a5\u7740\u518d\u7edf\u8ba1\u4e00\u904d]" time="0.001" /><testcase classname="tests.test_local_router_escalation_rules" name="test_known_traps_do_not_escalate[\u521a\u624d\u90a3\u4e2a\u7ed3\u679c\u51fa\u4efd\u62a5\u544a]" time="0.001" /><testcase classname="tests.test_local_router_escalation_rules" name="test_known_traps_do_not_escalate[\u8fd9\u4e2a\u6a21\u578b\u8bc4\u4f30\u4e00\u4e0b]" time="0.001" /><testcase classname="tests.test_local_router_escalation_rules" name="test_detection_is_pure_function" time="0.001" /><testcase classname="tests.test_local_router_escalation_rules" name="test_rule_has_zero_false_escalation_on_dataset" time="0.017" /><testcase classname="tests.test_local_router_escalation_rules" name="test_dataset_rule_covers_all_five_reasons" time="0.011" /><testcase classname="tests.test_local_router_runtime" name="test_escalation_wins_over_model" time="0.001" /><testcase classname="tests.test_local_router_runtime" name="test_escalation_reason_comes_from_rules" time="0.001" /><testcase classname="tests.test_local_router_runtime" name="test_missing_model_escalates_conservatively" time="0.001" /><testcase classname="tests.test_local_router_runtime" name="test_unbound_dataset_turns_call_into_ask" time="0.003" /><testcase classname="tests.test_local_router_runtime" name="test_bound_dataset_executes_directly" time="0.003" /><testcase classname="tests.test_local_router_runtime" name="test_chat_and_ask_prefix_tolerance" time="0.003" /><testcase classname="tests.test_local_router_runtime" name="test_request_accepts_plain_dict" time="0.001" /><testcase classname="tests.test_local_router_runtime" name="test_online_synthesis_matches_offline_on_handwritten_cases[chat-None]" time="0.002" /><testcase classname="tests.test_local_router_runtime" name="test_online_synthesis_matches_offline_on_handwritten_cases[chat-7]" time="0.002" /><testcase classname="tests.test_local_router_runtime" name="test_online_synthesis_matches_offline_on_handwritten_cases[empty-None]" time="0.002" /><testcase classname="tests.test_local_router_runtime" name="test_online_synthesis_matches_offline_on_handwritten_cases[empty-7]" time="0.002" /><testcase classname="tests.test_local_router_runtime" name="test_online_synthesis_matches_offline_on_handwritten_cases[call-None]" time="0.003" /><testcase classname="tests.test_local_router_runtime" name="test_online_synthesis_matches_offline_on_handwritten_cases[call-7]" time="0.003" /><testcase classname="tests.test_local_router_runtime" name="test_online_synthesis_matches_offline_on_handwritten_cases[ask-None]" time="0.003" /><testcase classname="tests.test_local_router_runtime" name="test_online_synthesis_matches_offline_on_handwritten_cases[ask-7]" time="0.003" /><testcase classname="tests.test_local_router_runtime" name="test_online_rejects_unknown_tool_while_offline_passes_it_through" time="0.002" /><testcase classname="tests.test_local_router_runtime" name="test_online_synthesis_matches_offline_on_full_dataset" time="0.927" /><testcase classname="tests.test_local_router_runtime" name="test_offline_and_online_input_text_are_identical" time="0.012" /><testcase classname="tests.test_local_router_runtime" name="test_missing_artifact_returns_none" time="0.040" /><testcase classname="tests.test_local_router_runtime" name="test_staleness_detects_registry_change" time="0.007" /><testcase classname="tests.test_local_router_runtime" name="test_tool_of_label" time="0.001" /><testcase classname="tests.test_local_router_runtime" name="test_label_space_never_contains_unknown_tool" time="0.002" /><testcase classname="tests.test_local_router_runtime" name="test_proba_from_scores_aligns_and_normalizes" time="0.001" /><testcase classname="tests.test_local_router_runtime" name="test_proba_handles_missing_class_without_index_shift" time="0.001" /><testcase classname="tests.test_local_router_runtime" name="test_binary_svc_decision_function_is_reshaped" time="0.009" /><testcase classname="tests.test_local_router_runtime" name="test_decision_intent_optional_only_for_escalation" time="0.001" /><testcase classname="tests.test_local_router_runtime" name="test_escalate_without_reason_is_rejected" time="0.001" /><testcase classname="tests.test_local_router_runtime" name="test_config_default_is_off" time="0.015" /><testcase classname="tests.test_local_router_runtime" name="test_trace_disabled_writes_nothing" time="0.038" /><testcase classname="tests.test_local_router_runtime" name="test_trace_records_route_and_outcome_joined_by_run_id" time="0.044" /><testcase classname="tests.test_local_router_runtime" name="test_trace_survives_router_failure" time="0.040" /><testcase classname="tests.test_local_router_runtime" name="test_trace_never_raises_on_bad_input" time="0.042" /><testcase classname="tests.test_local_router_runtime" name="test_runtime_hooks_swallow_everything" time="0.001" /><testcase classname="tests.test_local_router_runtime" name="test_settings_endpoint_exposes_local_router_state" time="0.013" /><testcase c
[...]
tratified_report_splits_by_quantile" time="0.003" /><testcase classname="tests.test_standardization_governance.TestMetricAdvisor" name="test_business_metric_report" time="0.001" /><testcase classname="tests.test_standardization_governance.TestMetricAdvisor" name="test_classification_imbalance_gets_auc" time="0.001" /><testcase classname="tests.test_standardization_governance.TestExperimentNarrative" name="test_failure_classification_known_codes" time="0.001" /><testcase classname="tests.test_standardization_governance.TestExperimentNarrative" name="test_unknown_failure_is_honest" time="0.001" /><testcase classname="tests.test_standardization_governance.TestExperimentNarrative" name="test_narrative_has_all_four_fields" time="0.001" /><testcase classname="tests.test_standardization_governance.TestExperimentNarrative" name="test_failed_experiment_gets_actionable_fix" time="0.001" /><testcase classname="tests.test_standardization_governance.TestExperimentNarrative" name="test_conclude_identifies_driver_change" time="0.001" /><testcase classname="tests.test_standardization_governance.TestExperimentNarrative" name="test_conclude_single_run_cannot_attribute" time="0.001" /><testcase classname="tests.test_standardization_governance.TestExperimentNarrative" name="test_narrative_is_serializable" time="0.001" /><testcase classname="tests.test_standardization_governance.TestReportLayering" name="test_layer_classification" time="0.001" /><testcase classname="tests.test_standardization_governance.TestReportLayering" name="test_dedupe_removes_contained_duplicates" time="0.001" /><testcase classname="tests.test_standardization_governance.TestReportLayering" name="test_dedupe_keeps_order" time="0.001" /><testcase classname="tests.test_standardization_governance.TestReportLayering" name="test_build_layers_splits_three_layers" time="0.001" /><testcase classname="tests.test_standardization_governance.TestReportLayering" name="test_actions_sorted_by_priority" time="0.001" /><testcase classname="tests.test_standardization_governance.TestReportLayering" name="test_next_action_falls_back_to_top_action" time="0.001" /><testcase classname="tests.test_standardization_governance.TestReportLayering" name="test_explicit_next_action_wins" time="0.001" /><testcase classname="tests.test_standardization_governance.TestReportLayering" name="test_render_markdown_has_three_sections_and_next" time="0.001" /><testcase classname="tests.test_standardization_governance.TestReportLayering" name="test_layers_are_serializable" time="0.001" /><testcase classname="tests.test_storage" name="test_validate_key_rejects[../etc/passwd]" time="0.001" /><testcase classname="tests.test_storage" name="test_validate_key_rejects[a/../../b]" time="0.001" /><testcase classname="tests.test_storage" name="test_validate_key_rejects[..\\windows\\evil]" time="0.001" /><testcase classname="tests.test_storage" name="test_validate_key_rejects[/etc/passwd]" time="0.001" /><testcase classname="tests.test_storage" name="test_validate_key_rejects[C:/Windows/system32]" time="0.001" /><testcase classname="tests.test_storage" name="test_validate_key_rejects[D:\\x]" time="0.001" /><testcase classname="tests.test_storage" name="test_validate_key_rejects[a//b]" time="0.001" /><testcase classname="tests.test_storage" name="test_validate_key_rejects[a/./b]" time="0.001" /><testcase classname="tests.test_storage" name="test_validate_key_rejects[con]" time="0.001" /><testcase classname="tests.test_storage" name="test_validate_key_rejects[aux/table.csv]" time="0.001" /><testcase classname="tests.test_storage" name="test_validate_key_rejects[bad&lt;name&gt;.csv]" time="0.001" /><testcase classname="tests.test_storage" name="test_validate_key_rejects[file&quot;quote.csv]" time="0.001" /><testcase classname="tests.test_storage" name="test_validate_key_rejects[]" time="0.001" /><testcase classname="tests.test_storage" name="test_validate_key_rejects[   ]" time="0.001" /><testcase classname="tests.test_storage" name="test_validate_key_accepts[raw/a.csv-raw/a.csv]" time="0.001" /><testcase classname="tests.test_storage" name="test_validate_key_accepts[a\\b\\c.csv-a/b/c.csv]" time="0.001" /><testcase classname="tests.test_storage" name="test_validate_key_accepts[x.CSV-x.CSV]" time="0.001" /><testcase classname="tests.test_storage" name="test_ensure_inside_root_rejects_symlink_escape" time="0.073"><failure message="Failed: DID NOT RAISE StorageException">tests\test_storage.py:59: in test_ensure_inside_root_rejects_symlink_escape
    with pytest.raises(StorageException, match="escapes"):
E   Failed: DID NOT RAISE StorageException</failure></testcase><testcase classname="tests.test_storage" name="test_save_read_roundtrip" time="0.052" /><testcase classname="tests.test_storage" name="test_save_creates_parent_dirs" time="0.050" /><testcase classname="tests.test_storage" name="test_read_not_found" time="0.043" /><testcase classname="tests.test_storage" name="test_stat_and_metadata" time="0.047" /><testcase classname="tests.test_storage" name="test_delete" time="0.060" /><testcase classname="tests.test_storage" name="test_list_by_prefix" time="0.060" /><testcase classname="tests.test_storage" name="test_local_rejects_traversal" time="0.042" /><testcase classname="tests.test_storage" name="test_storage_service_facade" time="0.096" /><testcase classname="tests.test_target_inference.TestNameTokens" name="test_split[DayofMonth-expected0]" time="0.002" /><testcase classname="tests.test_target_inference.TestNameTokens" name="test_split[DayOfWeek-expected1]" time="0.001" /><testcase classname="tests.test_target_inference.TestNameTokens" name="test_split[CRSDepTime-expected2]" time="0.001" /><testcase classname="tests.test_target_inference.TestNameTokens" name="test_split[crs_dep_time-expected3]" time="0.001" /><testcase classname="tests.test_target_inference.TestNameTokens" name="test_split[DepDelay-expected4]" time="0.001" /><testcase classname="tests.test_target_inference.TestNameTokens" name="test_split[MonthlyCharges-expected5]" time="0.001" /><testcase classname="tests.test_target_inference.TestNameTokens" name="test_split[  total delay  -expected6]" time="0.001" /><testcase classname="tests.test_target_inference.TestNameTokens" name="test_cjk_name_is_kept_whole" time="0.001" /><testcase classname="tests.test_target_inference.TestNameTokens" name="test_empty" time="0.001" /><testcase classname="tests.test_target_inference.TestFeatureLikeReason" name="test_calendar_and_time_are_not_targets[Month]" time="0.001" /><testcase classname="tests.test_target_inference.TestFeatureLikeReason" name="test_calendar_and_time_are_not_targets[DayofMonth]" time="0.001" /><testcase classname="tests.test_target_inference.TestFeatureLikeReason" name="test_calendar_and_time_are_not_targets[DayOfWeek]" time="0.001" /><testcase classname="tests.test_target_inference.TestFeatureLikeReason" name="test_calendar_and_time_are_not_targets[CRSDepTime]" time="0.001" /><testcase classname="tests.test_target_inference.TestFeatureLikeReason" name="test_calendar_and_time_are_not_targets[CRSArrTime]" time="0.001" /><testcase classname="tests.test_target_inference.TestFeatureLikeReason" name="test_real_candidates_are_not_excluded[DepDelay]" time="0.001" /><testcase classname="tests.test_target_inference.TestFeatureLikeReason" name="test_real_candidates_are_not_excluded[Distance]" time="0.001" /><testcase classname="tests.test_target_inference.TestFeatureLikeReason" name="test_real_candidates_are_not_excluded[UniqueCarrier]" time="0.001" /><testcase classname="tests.test_target_inference.TestFeatureLikeReason" name="test_real_candidates_are_not_excluded[Churn]" time="0.001" /><testcase classname="tests.test_target_inference.TestFeatureLikeReason" name="test_real_candidates_are_not_excluded[MonthlyCharges]" time="0.001" /><testcase classname="tests.test_target_inference.TestFeatureLikeReason" name="test_word_boundary_is_respected" time="0.001" /><testcase classname="tests.test_target_inference.TestGoalConcepts" name="test_detect[\u9884\u6d4b\u51fa\u53d1\u5ef6\u8bef-expected0]" time="0.001" /><testcase classname="tests.test_target_inference.TestGoalConcepts" name="test_detect[predict flight delay-expected1]" time="0.001" /><testcase classname="tests.test_target_inference.TestGoalConcepts" name="test_detect[\u9884\u6d4b\u5ba2\u6237\u662f\u5426\u4f1a\u6d41\u5931-expected2]" time="0.001" /><testcase classname="tests.test_target_inference.TestGoalConcepts" name="test_detect[\u822a\u7a7a\u516c\u53f8\u51fa\u53d1\u5ef6\u8bef\u9884\u6d4b\uff08\u56de\u5f52\uff09-expected3]" time="0.001" /><testcase classname="tests.test_target_inference.TestGoalConcepts" name="test_detect[\u9884\u6d4b\u4ef7\u683c-expected4]" time="0.001" /><testcase classname="tests.test_target_inference.TestGoalConcepts" name="test_detect[-expected5]" time="0.001" /><testcase classname="tests.test_target_inference.TestGoalConcepts" name="test_pure_meta_request_has_no_concept" time="0.001" /><testcase classname="tests.test_target_inference.TestGoalConcepts" name="test_short_alias_needs_word_boundary" time="0.001" /><testcase classname="tests.test_target_inference.TestInferTaskFromColumn" name="test_basic[String-5-classification]" time="0.001" /><testcase classname="tests.test_target_inference.TestInferTaskFromColumn" name="test_basic[Boolean-2-classification]" time="0.001" /><testcase classname="tests.test_target_inference.TestInferTaskFromColumn" name="test_basic[Int64-3-classification]" time="0.001" /><testcase classname="tests.test_target_inference.TestInferTaskFromColumn" name="test_basic[Int64-1000-regression]" time="0.001" /><testcase classname="tests.test_target_inference.TestInferTaskFromColumn" name="test_basic[Float64-300-regression]" time="0.001" /><testcase classname="tests.test_target_inference.TestInferTaskFromColumn" name="test_basic[Float64-12-regression]" time="0.001" /><testcase classname="tests.test_target_inference.TestRawCandidateSurface" name="test_reproduces_production_candidate_lists" time="0.006" /><testcase classname="tests.test_target_inference.TestRecommendTargetAirlineCase" name="test_dataset_name_resolves_the_target" time="0.005" /><testcase classname="tests.test_target_inference.TestRecommendTargetAirlineCase" name="test_goal_alone_is_enough" time="0.007" /><testcase classname="tests.test_target_inference.TestRecommendTargetAirlineCase" name="test_without_any_semantic_evidence_it_does_not_guess" time="0.005" /><testcase classname="tests.test_target_inference.TestRecommendTargetAirlineCase" name="test_calendar_columns_are_excluded_with_reasons" time="0.005" /><testcase classname="tests.test_target_inference.TestRecommendTargetAirlineCase" name="test_task_mismatch_falls_through_conservatively" time="0.002" /><testcase classname="tests.test_target_inference.TestRecommendTargetOtherShapes" name="test_naming_convention_wins" time="0.001" /><testcase classname="tests.test_target_inference.TestRecommendTargetOtherShapes" name="test_churn_classification" time="0.002" /><testcase classname="tests.test_target_inference.TestRecommendTargetOtherShapes" name="test_single_candidate_fallback" time="0.002" /><testcase classname="tests.test_target_inference.TestRecommendTargetOtherShapes" name="test_explicit_target_is_authoritative" time="0.004" /><testcase classname="tests.test_target_inference.TestRecommendTargetOtherShapes" name="test_explicit_missing_column_is_reported" time="0.004" /><testcase classname="tests.test_target_inference.TestRecommendTargetOtherShapes" name="test_no_hint_and_no_goal_yields_nothing" time="0.005" /><testcase classname="tests.test_target_inference.TestRecommendTargetOtherShapes" name="test_ambiguous_semantic_match_is_not_guessed" time="0.002" /><testcase classname="tests.test_target_inference.TestRecommendTargetOtherShapes" name="test_unique_key_column_is_never_a_target" time="0.002" /><testcase classname="tests.test_target_inference.TestRecommendTargetOtherShapes" name="test_receipt_is_serializable" time="0.005" /><testcase classname="tests.test_tools" name="test_builtin_tools_registered" time="0.001" /><testcase classname="tests.test_tools" name="test_tool_describe_fields" time="0.001" /><testcase classname="tests.test_tools" name="test_registry_duplicate_and_unknown" time="0.001" /><testcase classname="tests.test_tools" name="test_execute_denied_without_permission" time="0.064" /><testcase classname="tests.test_tools" name="test_execute_denied_outside_dataset_scope" time="0.070" /><testcase classname="tests.test_tools" name="test_empty_dataset_scope_does_not_mean_unrestricted" time="0.064" /><testcase classname="tests.test_tools" name="test_explicit_dataset_scope_allows_only_bound_dataset" time="0.066" /><testcase classname="tests.test_tools" name="test_execute_high_risk_requires_confirmation" time="0.109" /><testcase classname="tests.test_tools" name="test_dataset_list_and_inspect" time="0.066" /><testcase classname="tests.test_tools" name="test_dataset_preview_schema" time="0.074" /><testcase classname="tests.test_tools" name="test_dataset_profile_quality" time="0.075" /><testcase classname="tests.test_tools" name="test_data_filter_transform_aggregate" time="0.137" /><testcase classname="tests.test_tools" name="test_data_clean_generates_versions" time="0.117" /><testcase classname="tests.test_tools" name="test_data_clean_requires_steps" time="0.068" /><testcase classname="tests.test_tools" name="test_data_merge_plan_validate_execute" time="0.117" /><testcase classname="tests.test_tools" name="test_data_merge_auto_infer_locationid_key" time="0.046" /><testcase classname="tests.test_tools" name="test_data_merge_auto_infer_same_name" time="0.046" /><testcase classname="tests.test_tools" name="test_data_merge_auto_infer_skips_redundant_dimension_cols" time="0.046" /><testcase classname="tests.test_tools" name="test_data_merge_auto_infer_no_common_key" time="0.047" /><testcase classname="tests.test_tools" name="test_data_merge_validation_failure" time="0.090" /><testcase classname="tests.test_tools" name="test_eda_tools" time="0.081" /><testcase classname="tests.test_tools" name="test_ml_detect_task" time="0.076" /><testcase classname="tests.test_tools" name="test_ml_prepare" time="0.075" /><testcase classname="tests.test_tools" name="test_ml_train_evaluate_compare_explain" time="0.398" /><testcase classname="tests.test_tools" name="test_ml_train_infers_convention_target_column" time="0.252" /><testcase classname="tests.test_tools" name="test_ml_train_without_target_or_convention_falls_back_to_clustering" time="0.113" /><testcase classname="tests.test_tools" name="test_ml_train_fails_instead_of_clustering_when_dataset_name_says_regression" time="0.085" /><testcase classname="tests.test_tools" name="test_ml_train_auto_infers_target_from_dataset_name" time="0.109" /><testcase classname="tests.test_version_diff" name="test_timeline_reports_origin_import_then_operation" time="0.090" /><testcase classname="tests.test_version_diff" name="test_diff_reports_row_and_column_changes" time="0.123" /><testcase classname="tests.test_version_diff" name="test_diff_reports_removed_and_type_changed_columns" time="0.114" /><testcase classname="tests.test_version_diff" name="test_diff_quality_reflects_missing_values_being_fixed" time="0.099" /><testcase classname="tests.test_version_diff" name="test_diff_can_skip_quality_for_large_tables" time="0.101" /><testcase classname="tests.test_version_diff" name="test_diff_of_same_version_is_empty_not_error" time="0.078" /><testcase classname="tests.test_version_diff" name="test_diff_records_the_operation_that_produced_target" time="0.097" /><testcase classname="tests.test_version_diff" name="test_diff_rejects_unknown_version" time="0.068" /><testcase classname="tests.test_version_diff" name="test_timeline_of_dataset_without_version_is_empty" time="0.054" /><testcase classname="tests.test_version_diff" name="test_api_version_timeline_and_diff" time="0.110" /><testcase classname="tests.test_version_diff" name="test_api_diff_requires_base_and_target" time="0.070" /><testcase classname="tests.test_version_diff" name="test_api_diff_unknown_version_is_404_not_500" time="0.076" /><testcase classname="tests.test_workflow" name="test_workflow_models_serialization_roundtrip" time="0.001" /><testcase classname="tests.test_workflow" name="test_validator_ok" time="0.001" /><testcase classname="tests.test_workflow" name="test_validator_edge_endpoint_missing" time="0.001" /><testcase classname="tests.test_workflow" name="test_validator_detects_cycle" time="0.001" /><testcase classname="tests.test_workflow" name="test_validator_self_loop_and_duplicates" time="0.001" /><testcase classname="tests.test_workflow" name="test_validator_duplicate_node_id_and_missing_type" time="0.001" /><testcase classname="tests.test_workflow" name="test_validator_required_config_keys" time="0.001" /><testcase classname="tests.test_workflow" name="test_validator_required_config_accepts_nested_params_shape" time="0.001" /><testcase classname="tests.test_workflow" name="test_validator_required_config_treats_null_and_ui_only_as_missing" time="0.001" /><testcase classname="tests.test_workflow" name="test_validator_unknown_type_dependency_incomplete" time="0.001" /><testcase classname="tests.test_workflow" name="test_executor_diamond_dag_success" time="0.001" /><testcase classname="tests.test_workflow" name="test_executor_failure_skips_downstream_but_other_branch_runs" time="0.001" /><testcase classname="tests.test_workflow" name="test_executor_invalid_workflow_rejected" time="0.001" /><testcase classname="tests.test_workflow" name="test_executor_cancel_midway" time="0.151" /><testcase classname="tests.test_workflow" name="test_executor_context_shared_between_nodes" time="0.001" /><testcase classname="tests.test_workflow" name="test_executor_logs_one_entry_per_node_and_keeps_precise_skip_reason" time="0.001" /><testcase classname="tests.test_workflow" name="test_service_create_get_list" time="0.001" /><testcase classname="tests.test_workflow" name="test_service_create_rejects_invalid" time="0.001" /><testcase classname="tests.test_workflow" name="test_service_run_success" time="0.001" /><testcase classname="tests.test_workflow" name="test_service_run_failure_recorded" time="0.001" /><testcase classname="tests.test_workflow" name="test_service_update_revalidates" time="0.001" /><testcase classname="tests.test_workflow" name="test_service_clone" time="0.002" /><testcase classname="tests.test_workflow" name="test_service_cancel_run" time="0.303" /><testcase classname="tests.test_workflow" name="test_service_run_preflight_blocks_incomplete_config_but_allows_draft" time="0.001" /><testcase classname="tests.test_workflow" name="test_service_without_spec_keeps_old_behaviour" time="0.001" /><testcase classname="tests.test_workflow" name="test_service_run_ids_never_repeat_and_runs_are_bounded" time="0.001" /><testcase classname="tests.test_workflow" name="test_service_eviction_never_drops_running_handle" time="0.001" /><testcase classname="tests.test_workflow_runners" name="test_default_runners_register_ml_and_ai_nodes" time="0.001" /><testcase classname="tests.test_workflow_runners" name="test_ml_train_and_predict_runner" time="0.017" /><testcase classname="tests.test_workflow_runners" name="test_ml_pca_runner_uses_transform" time="0.010" /><testcase classname="tests.test_workflow_runners" name="test_sanitize_output_removes_runtime_objects" time="0.001" /><testcase classname="tests.test_workflow_runners" name="test_required_config_spec_only_names_registered_node_types" time="0.001" /><testcase classname="tests.test_workflow_runners" name="test_load_dataset_accepts_nested_params_shape" time="0.001" /><testcase classname="tests.test_workflow_runners" name="test_run_preflight_does_not_reject_nested_params_as_missing" time="0.001" /><testcase classname="tests.test_workflow_runners" name="test_blocked_result_is_structured_and_self_correctable" time="0.001" /></testsuite></testsuites>